
> anotador-pulltech@1.0.0 build
> vite build

vite v8.1.2 building client environment for production...
[2Ktransforming...✗ Build failed in 93ms

PWA v1.3.0
mode      generateSW
precache  6 entries (297.07 KiB)
files generated
  dist/sw.js
  dist/workbox-9c191d2f.js
error during build:
Build failed with 1 error:

[plugin vite-plugin-pwa:build]
Error: Build failed with 1 error:

[31m[PARSE_ERROR] [0mIdentifier `irAPantallaPrincipal` has already been declared
     [38;5;246m╭[0m[38;5;246m─[0m[38;5;246m[[0m src/main.js:321:16 [38;5;246m][0m
     [38;5;246m│[0m
 [38;5;246m321 │[0m [38;5;249m [0m[38;5;249m [0m[38;5;249m [0m[38;5;249m [0m[38;5;249m [0m[38;5;249m [0m[38;5;249mf[0m[38;5;249mu[0m[38;5;249mn[0m[38;5;249mc[0m[38;5;249mt[0m[38;5;249mi[0m[38;5;249mo[0m[38;5;249mn[0m[38;5;249m [0mirAPantallaPrincipal[38;5;249m([0m[38;5;249m)[0m[38;5;249m [0m[38;5;249m{[0m
 [38;5;240m    │[0m                ──────────┬─────────  
 [38;5;240m    │[0m                          ╰─────────── `irAPantallaPrincipal` has already been declared here
 [38;5;240m    │[0m 
 [38;5;246m571 │[0m [38;5;249m [0m[38;5;249m [0m[38;5;249m [0m[38;5;249m [0m[38;5;249m [0m[38;5;249m [0m[38;5;249mf[0m[38;5;249mu[0m[38;5;249mn[0m[38;5;249mc[0m[38;5;249mt[0m[38;5;249mi[0m[38;5;249mo[0m[38;5;249mn[0m[38;5;249m [0mirAPantallaPrincipal[38;5;249m([0m[38;5;249m)[0m[38;5;249m [0m[38;5;249m{[0m
 [38;5;240m    │[0m                ──────────┬─────────  
 [38;5;240m    │[0m                          ╰─────────── It can not be redeclared here
[38;5;246m─────╯[0m
    at aggregateBindingErrorsIntoJsError (file:///home/bautista/Anotador-Pulltech/node_modules/rolldown/dist/shared/error-B68YLzl3.mjs:48:18)
    at plugin (file:///home/bautista/Anotador-Pulltech/node_modules/rolldown/dist/shared/bindingify-input-options-CzVhGygm.mjs:1408:61)
    at plugin.<computed> (file:///home/bautista/Anotador-Pulltech/node_modules/rolldown/dist/shared/bindingify-input-options-CzVhGygm.mjs:1961:18)
    at aggregateBindingErrorsIntoJsError (file:///home/bautista/Anotador-Pulltech/node_modules/rolldown/dist/shared/error-B68YLzl3.mjs:48:18)
    at unwrapBindingResult (file:///home/bautista/Anotador-Pulltech/node_modules/rolldown/dist/shared/error-B68YLzl3.mjs:18:128)
    at #build (file:///home/bautista/Anotador-Pulltech/node_modules/rolldown/dist/shared/rolldown-build-DR0wzp0V.mjs:3256:34)
    at async buildEnvironment (file:///home/bautista/Anotador-Pulltech/node_modules/vite/dist/node/chunks/node.js:32593:66)
    at async Object.build (file:///home/bautista/Anotador-Pulltech/node_modules/vite/dist/node/chunks/node.js:33015:19)
    at async Object.buildApp (file:///home/bautista/Anotador-Pulltech/node_modules/vite/dist/node/chunks/node.js:33012:153)
    at async CAC.<anonymous> (file:///home/bautista/Anotador-Pulltech/node_modules/vite/dist/node/cli.js:777:3) {
  errors: [Getter/Setter]
}
